<?xml version="1.0" encoding="UTF-8"?>
<!-- Generated by org.testng.reporters.JUnitReportReporter -->
<testsuite hostname="DESKTOP-T5J9HRI" failures="0" tests="1" name="com.automation.tests.Scripts.SalesForceCreateOpty" time="12.160" errors="0" timestamp="2023-11-11T08:25:23 CST" skipped="0">
  <testcase classname="com.automation.tests.Scripts.SalesForceCreateOpty" name="TestQuarterlySummaryReport" time="12.160"/>
</testsuite> <!-- com.automation.tests.Scripts.SalesForceCreateOpty -->
