<?xml version="1.0" encoding="UTF-8"?>
<!-- Generated by org.testng.reporters.JUnitReportReporter -->
<testsuite hostname="DESKTOP-T5J9HRI" failures="0" tests="1" name="com.automation.tests.Scripts.SalesforceAccountReport" time="15.183" errors="0" timestamp="2023-11-10T12:04:52 CST" skipped="0">
  <testcase classname="com.automation.tests.Scripts.SalesforceAccountReport" name="MergeAccounts" time="15.183"/>
</testsuite> <!-- com.automation.tests.Scripts.SalesforceAccountReport -->
